17:11:28.081 INFO [c.i.i.IRI$IRILauncher]  Configuration is created using command line args only
17:11:28.083 INFO [c.i.i.IRI$IRILauncher]  parsed the following cmd args: [--testnet, true, --remote, true, --testnet-coordinator, EQFUFPJODWV9OBIQAWFABRFHYQZQVZJKVKTDALDWGWVSGIZAYHLUKXRXKAGYTMKHMMRGVXU9TOUGUOQE9, --testnet-coordinator-security-level, 1, --testnet-coordinator-signature-mode, CURLP27, --mwm, 9, --milestone-start, 0, --milestone-keys, 14, --snapshot, /root/IOTA/compass/docs/private_tangle/snapshot.txt, --max-depth, 1000, --port, 14266, --neighbors, tcp://127.0.0.1:15600, -t, 15601]
17:11:28.084 INFO [c.i.i.IRI$IRILauncher]  Welcome to IRI Testnet 1.8.4
17:11:28.659 INFO [c.i.i.s.API]  =========Compass api invoked===========
17:11:28.661 INFO [c.i.i.s.r.RocksDBPersistenceProvider]  Initializing Database on localsnapshots-db
17:11:28.771 WARN [c.i.i.s.r.RocksDBPersistenceProvider]  Defined a db log path in config and commandline; Using the command line setting.
17:11:28.818 INFO [c.i.i.s.r.RocksDBPersistenceProvider]  RocksDB persistence provider initialized.
17:11:28.819 INFO [c.i.i.s.s.i.SnapshotProviderImpl]  no local snapshot persisted in the database
17:11:28.824 INFO [c.i.i.s.m.i.LatestMilestoneTrackerImpl]  Latest milestone has changed from #0 to #0
17:11:28.825 INFO [c.i.i.s.r.RocksDBPersistenceProvider]  Initializing Database on testnetdb
17:11:28.943 INFO [c.i.i.s.r.RocksDBPersistenceProvider]  RocksDB persistence provider initialized.
17:11:28.994 INFO [general]  Config ( yes ): default properties from resource 'ethereumj.conf'
17:11:28.994 INFO [general]  Config ( no  ): user properties from -Dethereumj.conf.res resource(s) 'null'
17:11:29.003 INFO [general]  Config ( yes ): user properties from resource 'user.conf'
17:11:29.004 INFO [general]  Config ( no  ): user properties from file '/root/IOTA/nodes_iri/14266/config/ethereumj.conf'
17:11:29.004 INFO [general]  Config ( no  ): test properties from resource 'test-ethereumj.conf'
17:11:29.004 INFO [general]  Config ( no  ): test properties from resource 'test-user.conf'
17:11:29.005 INFO [general]  Config ( no  ): user properties from -Dethereumj.conf.file file(s) 'null'
17:11:29.005 INFO [general]  Config ( no  ): config passed via constructor
17:11:29.007 DEBUG [general]  Config trace: # user.conf: 169-462
blockchain {
    # user.conf: 169
    config {
        # user.conf: 169
        name=main
    }
    # user.conf: 462
    only=false
}
# user.conf: 468
blocks {
    # user.conf: 468
    loader=""
}
# user.conf: 235
cache {
    # user.conf: 256
    blockQueueSize=32
    # user.conf: 237
    flush {
        # user.conf: 246
        blocks=0
        # user.conf: 249
        shortSyncFlush=true
        # user.conf: 241
        writeCacheSize=64
    }
    # user.conf: 259
    headerQueueSize=8
    # user.conf: 266
    maxStateBloomSize=128
    # user.conf: 253
    stateCacheSize=384
}
# user.conf: 471
crypto {
    # user.conf: 475-476
    hash {
        # user.conf: 475
        alg256=ETH-KECCAK-256
        # user.conf: 476
        alg512=ETH-KECCAK-512
    }
    # user.conf: 473
    providerName=SC
}
# user.conf: 177
database {
    # user.conf: 180
    dir=database
    # user.conf: 197
    fromBackup=false
    # user.conf: 204
    incompatibleDatabaseBehavior=EXIT
    # user.conf: 231
    maxOpenFiles=512
    # user.conf: 210
    prune {
        # user.conf: 211
        enabled=true
        # user.conf: 224
        maxDepth=192
    }
    # user.conf: 186
    reset=false
    # user.conf: 192
    resetBlock=0
}
# user.conf: 390
dump {
    # user.conf: 403
    block=-1
    # user.conf: 407
    clean {
        # user.conf: 407
        on {
            # user.conf: 407
            restart=true
        }
    }
    # user.conf: 397
    dir=dmp
    # user.conf: 396
    full=false
    # user.conf: 404
    style=pretty
}
# user.conf: 155
genesis="frontier.json"
# user.conf: 443
hello {
    # user.conf: 443
    phrase=Dev
}
# user.conf: 459
keyvalue {
    # user.conf: 459
    datasource=rocksdb
}
# user.conf: 329
mine {
    # user.conf: 348
    coinbase="0000000000000000000000000000000000000000"
    # user.conf: 339
    cpuMineThreads=4
    # user.conf: 352
    extraData="EthereumJ powered"
    # user.conf: 345
    fullDataSet=true
    # user.conf: 361
    minBlockTimeoutMsec=0
    # user.conf: 358
    minGasPrice=1000000000
    # user.conf: 335
    start=false
    # user.conf: 365
    startNonce=null
}
# user.conf: 1-82
peer {
    # user.conf: 97
    active=[]
    # user.conf: 126
    capabilities=[
        # user.conf: 126
        eth
    ]
    # user.conf: 135
    channel {
        # user.conf: 135
        read {
            # user.conf: 135
            timeout=30
        }
    }
    # user.conf: 130
    connection {
        # user.conf: 130
        timeout=2
    }
    # user.conf: 1
    discovery {
        # user.conf: 57
        bind {
            # user.conf: 57
            ip=""
        }
        # user.conf: 8
        enabled=true
        # user.conf: 49
        external {
            # user.conf: 49
            ip=null
        }
        # user.conf: 13
        ip {
            # user.conf: 13
            list=[
                # user.conf: 15
                "5.1.83.226:30303",
                # user.conf: 18
                "52.16.188.185:30303",
                # user.conf: 19
                "13.93.211.84:30303",
                # user.conf: 20
                "191.235.84.50:30303",
                # user.conf: 21
                "13.75.154.138:30303",
                # user.conf: 22
                "52.74.57.123:30303",
                # user.conf: 25
                "193.70.55.37:30303",
                # user.conf: 26
                "144.217.139.5:30303",
                # user.conf: 27
                "139.99.51.203:30303",
                # user.conf: 28
                "139.99.160.213:30303",
                # user.conf: 29
                "163.172.131.191:30303",
                # user.conf: 30
                "212.47.247.103:30303",
                # user.conf: 31
                "163.172.157.114:30303",
                # user.conf: 32
                "138.201.223.35:30303",
                # user.conf: 33
                "138.201.144.135:30303",
                # user.conf: 34
                "51.15.42.252:30303",
                # user.conf: 35
                "163.172.171.38:30303",
                # user.conf: 36
                "163.172.187.252:30303",
                # user.conf: 37
                "136.243.154.244:30303",
                # user.conf: 38
                "88.212.206.70:30303",
                # user.conf: 39
                "37.128.191.230:30303",
                # user.conf: 40
                "46.20.235.22:30303",
                # user.conf: 41
                "216.158.85.185:30303",
                # user.conf: 42
                "52.79.241.155:30303",
                # user.conf: 43
                "52.78.149.82:30303"
            ]
        }
        # user.conf: 65
        persist=true
        # user.conf: 61
        public {
            # user.conf: 61
            home {
                # user.conf: 61
                node=true
            }
        }
        # user.conf: 74
        touchMaxNodes=100
        # user.conf: 70
        touchPeriod=600
        # user.conf: 79
        workers=8
    }
    # user.conf: 85
    listen {
        # user.conf: 85
        port=30303
    }
    # user.conf: 122
    maxActivePeers=30
    # user.conf: 88
    networkId=1
    # user.conf: 137
    p2p {
        # user.conf: 147
        eip8=true
        # user.conf: 143
        framing {
            # user.conf: 143
            maxSize=32768
        }
    }
    # user.conf: 108
    trusted=[]
}
# user.conf: 439
play {
    # user.conf: 439
    vm=true
}
# user.conf: 432-461
record {
    # user.conf: 461
    blocks=false
    # user.conf: 432
    internal {
        # user.conf: 432
        transactions {
            # user.conf: 432
            data=true
        }
    }
}
# user.conf: 455
root {
    # user.conf: 455
    hash {
        # user.conf: 455
        start=null
    }
}
# user.conf: 369
solc {
    # user.conf: 372
    path=null
}
# user.conf: 270
sync {
    # user.conf: 274
    enabled=true
    # user.conf: 325
    ethash=mixed
    # user.conf: 312
    exitOnBlockConflict=false
    # user.conf: 277
    fast {
        # user.conf: 290
        backupState=false
        # user.conf: 281
        enabled=false
        # user.conf: 294
        skipHistory=false
    }
    # user.conf: 318
    makeDoneByTimeout=-1
    # user.conf: 303
    peer {
        # user.conf: 303
        count=30
    }
}
# user.conf: 427
trace {
    # user.conf: 427
    startblock=-1
}
# user.conf: 384-388
transaction {
    # user.conf: 384
    approve {
        # user.conf: 384
        timeout=15
    }
    # user.conf: 388
    outdated {
        # user.conf: 388
        threshold=10
    }
}
# user.conf: 417
vm {
    # user.conf: 417
    structured {
        # user.conf: 420
        compressed=true
        # user.conf: 419
        dir=vmtrace
        # user.conf: 421
        initStorageLimit=10000
        # user.conf: 418
        trace=false
    }
}

17:11:29.022 DEBUG [db]  ~> RocksDbDataSource.init(): EVM
17:11:29.026 DEBUG [db]  Opening database
17:11:29.028 DEBUG [db]  Initializing new or existing database: 'EVM'
17:11:29.111 DEBUG [db]  <~ RocksDbDataSource.init(): EVM
17:11:29.123 INFO [general]  Config ( yes ): default properties from resource 'ethereumj.conf'
17:11:29.124 INFO [general]  Config ( no  ): user properties from -Dethereumj.conf.res resource(s) 'null'
17:11:29.130 INFO [general]  Config ( yes ): user properties from resource 'user.conf'
17:11:29.130 INFO [general]  Config ( no  ): user properties from file '/root/IOTA/nodes_iri/14266/config/ethereumj.conf'
17:11:29.130 INFO [general]  Config ( no  ): test properties from resource 'test-ethereumj.conf'
17:11:29.130 INFO [general]  Config ( no  ): test properties from resource 'test-user.conf'
17:11:29.130 INFO [general]  Config ( no  ): user properties from -Dethereumj.conf.file file(s) 'null'
17:11:29.130 INFO [general]  Config ( no  ): config passed via constructor
17:11:29.132 DEBUG [general]  Config trace: # user.conf: 169-462
blockchain {
    # user.conf: 169
    config {
        # user.conf: 169
        name=main
    }
    # user.conf: 462
    only=false
}
# user.conf: 468
blocks {
    # user.conf: 468
    loader=""
}
# user.conf: 235
cache {
    # user.conf: 256
    blockQueueSize=32
    # user.conf: 237
    flush {
        # user.conf: 246
        blocks=0
        # user.conf: 249
        shortSyncFlush=true
        # user.conf: 241
        writeCacheSize=64
    }
    # user.conf: 259
    headerQueueSize=8
    # user.conf: 266
    maxStateBloomSize=128
    # user.conf: 253
    stateCacheSize=384
}
# user.conf: 471
crypto {
    # user.conf: 475-476
    hash {
        # user.conf: 475
        alg256=ETH-KECCAK-256
        # user.conf: 476
        alg512=ETH-KECCAK-512
    }
    # user.conf: 473
    providerName=SC
}
# user.conf: 177
database {
    # user.conf: 180
    dir=database
    # user.conf: 197
    fromBackup=false
    # user.conf: 204
    incompatibleDatabaseBehavior=EXIT
    # user.conf: 231
    maxOpenFiles=512
    # user.conf: 210
    prune {
        # user.conf: 211
        enabled=true
        # user.conf: 224
        maxDepth=192
    }
    # user.conf: 186
    reset=false
    # user.conf: 192
    resetBlock=0
}
# user.conf: 390
dump {
    # user.conf: 403
    block=-1
    # user.conf: 407
    clean {
        # user.conf: 407
        on {
            # user.conf: 407
            restart=true
        }
    }
    # user.conf: 397
    dir=dmp
    # user.conf: 396
    full=false
    # user.conf: 404
    style=pretty
}
# user.conf: 155
genesis="frontier.json"
# user.conf: 443
hello {
    # user.conf: 443
    phrase=Dev
}
# user.conf: 459
keyvalue {
    # user.conf: 459
    datasource=rocksdb
}
# user.conf: 329
mine {
    # user.conf: 348
    coinbase="0000000000000000000000000000000000000000"
    # user.conf: 339
    cpuMineThreads=4
    # user.conf: 352
    extraData="EthereumJ powered"
    # user.conf: 345
    fullDataSet=true
    # user.conf: 361
    minBlockTimeoutMsec=0
    # user.conf: 358
    minGasPrice=1000000000
    # user.conf: 335
    start=false
    # user.conf: 365
    startNonce=null
}
# user.conf: 1-82
peer {
    # user.conf: 97
    active=[]
    # user.conf: 126
    capabilities=[
        # user.conf: 126
        eth
    ]
    # user.conf: 135
    channel {
        # user.conf: 135
        read {
            # user.conf: 135
            timeout=30
        }
    }
    # user.conf: 130
    connection {
        # user.conf: 130
        timeout=2
    }
    # user.conf: 1
    discovery {
        # user.conf: 57
        bind {
            # user.conf: 57
            ip=""
        }
        # user.conf: 8
        enabled=true
        # user.conf: 49
        external {
            # user.conf: 49
            ip=null
        }
        # user.conf: 13
        ip {
            # user.conf: 13
            list=[
                # user.conf: 15
                "5.1.83.226:30303",
                # user.conf: 18
                "52.16.188.185:30303",
                # user.conf: 19
                "13.93.211.84:30303",
                # user.conf: 20
                "191.235.84.50:30303",
                # user.conf: 21
                "13.75.154.138:30303",
                # user.conf: 22
                "52.74.57.123:30303",
                # user.conf: 25
                "193.70.55.37:30303",
                # user.conf: 26
                "144.217.139.5:30303",
                # user.conf: 27
                "139.99.51.203:30303",
                # user.conf: 28
                "139.99.160.213:30303",
                # user.conf: 29
                "163.172.131.191:30303",
                # user.conf: 30
                "212.47.247.103:30303",
                # user.conf: 31
                "163.172.157.114:30303",
                # user.conf: 32
                "138.201.223.35:30303",
                # user.conf: 33
                "138.201.144.135:30303",
                # user.conf: 34
                "51.15.42.252:30303",
                # user.conf: 35
                "163.172.171.38:30303",
                # user.conf: 36
                "163.172.187.252:30303",
                # user.conf: 37
                "136.243.154.244:30303",
                # user.conf: 38
                "88.212.206.70:30303",
                # user.conf: 39
                "37.128.191.230:30303",
                # user.conf: 40
                "46.20.235.22:30303",
                # user.conf: 41
                "216.158.85.185:30303",
                # user.conf: 42
                "52.79.241.155:30303",
                # user.conf: 43
                "52.78.149.82:30303"
            ]
        }
        # user.conf: 65
        persist=true
        # user.conf: 61
        public {
            # user.conf: 61
            home {
                # user.conf: 61
                node=true
            }
        }
        # user.conf: 74
        touchMaxNodes=100
        # user.conf: 70
        touchPeriod=600
        # user.conf: 79
        workers=8
    }
    # user.conf: 85
    listen {
        # user.conf: 85
        port=30303
    }
    # user.conf: 122
    maxActivePeers=30
    # user.conf: 88
    networkId=1
    # user.conf: 137
    p2p {
        # user.conf: 147
        eip8=true
        # user.conf: 143
        framing {
            # user.conf: 143
            maxSize=32768
        }
    }
    # user.conf: 108
    trusted=[]
}
# user.conf: 439
play {
    # user.conf: 439
    vm=true
}
# user.conf: 432-461
record {
    # user.conf: 461
    blocks=false
    # user.conf: 432
    internal {
        # user.conf: 432
        transactions {
            # user.conf: 432
            data=true
        }
    }
}
# user.conf: 455
root {
    # user.conf: 455
    hash {
        # user.conf: 455
        start=null
    }
}
# user.conf: 369
solc {
    # user.conf: 372
    path=null
}
# user.conf: 270
sync {
    # user.conf: 274
    enabled=true
    # user.conf: 325
    ethash=mixed
    # user.conf: 312
    exitOnBlockConflict=false
    # user.conf: 277
    fast {
        # user.conf: 290
        backupState=false
        # user.conf: 281
        enabled=false
        # user.conf: 294
        skipHistory=false
    }
    # user.conf: 318
    makeDoneByTimeout=-1
    # user.conf: 303
    peer {
        # user.conf: 303
        count=30
    }
}
# user.conf: 427
trace {
    # user.conf: 427
    startblock=-1
}
# user.conf: 384-388
transaction {
    # user.conf: 384
    approve {
        # user.conf: 384
        timeout=15
    }
    # user.conf: 388
    outdated {
        # user.conf: 388
        threshold=10
    }
}
# user.conf: 417
vm {
    # user.conf: 417
    structured {
        # user.conf: 420
        compressed=true
        # user.conf: 419
        dir=vmtrace
        # user.conf: 421
        initStorageLimit=10000
        # user.conf: 418
        trace=false
    }
}

17:11:29.147 INFO [general]  Config ( yes ): default properties from resource 'ethereumj.conf'
17:11:29.147 INFO [general]  Config ( no  ): user properties from -Dethereumj.conf.res resource(s) 'null'
17:11:29.151 INFO [general]  Config ( yes ): user properties from resource 'user.conf'
17:11:29.151 INFO [general]  Config ( no  ): user properties from file '/root/IOTA/nodes_iri/14266/config/ethereumj.conf'
17:11:29.151 INFO [general]  Config ( no  ): test properties from resource 'test-ethereumj.conf'
17:11:29.151 INFO [general]  Config ( no  ): test properties from resource 'test-user.conf'
17:11:29.152 INFO [general]  Config ( no  ): user properties from -Dethereumj.conf.file file(s) 'null'
17:11:29.152 INFO [general]  Config ( no  ): config passed via constructor
17:11:29.154 DEBUG [general]  Config trace: # user.conf: 169-462
blockchain {
    # user.conf: 169
    config {
        # user.conf: 169
        name=main
    }
    # user.conf: 462
    only=false
}
# user.conf: 468
blocks {
    # user.conf: 468
    loader=""
}
# user.conf: 235
cache {
    # user.conf: 256
    blockQueueSize=32
    # user.conf: 237
    flush {
        # user.conf: 246
        blocks=0
        # user.conf: 249
        shortSyncFlush=true
        # user.conf: 241
        writeCacheSize=64
    }
    # user.conf: 259
    headerQueueSize=8
    # user.conf: 266
    maxStateBloomSize=128
    # user.conf: 253
    stateCacheSize=384
}
# user.conf: 471
crypto {
    # user.conf: 475-476
    hash {
        # user.conf: 475
        alg256=ETH-KECCAK-256
        # user.conf: 476
        alg512=ETH-KECCAK-512
    }
    # user.conf: 473
    providerName=SC
}
# user.conf: 177
database {
    # user.conf: 180
    dir=database
    # user.conf: 197
    fromBackup=false
    # user.conf: 204
    incompatibleDatabaseBehavior=EXIT
    # user.conf: 231
    maxOpenFiles=512
    # user.conf: 210
    prune {
        # user.conf: 211
        enabled=true
        # user.conf: 224
        maxDepth=192
    }
    # user.conf: 186
    reset=false
    # user.conf: 192
    resetBlock=0
}
# user.conf: 390
dump {
    # user.conf: 403
    block=-1
    # user.conf: 407
    clean {
        # user.conf: 407
        on {
            # user.conf: 407
            restart=true
        }
    }
    # user.conf: 397
    dir=dmp
    # user.conf: 396
    full=false
    # user.conf: 404
    style=pretty
}
# user.conf: 155
genesis="frontier.json"
# user.conf: 443
hello {
    # user.conf: 443
    phrase=Dev
}
# user.conf: 459
keyvalue {
    # user.conf: 459
    datasource=rocksdb
}
# user.conf: 329
mine {
    # user.conf: 348
    coinbase="0000000000000000000000000000000000000000"
    # user.conf: 339
    cpuMineThreads=4
    # user.conf: 352
    extraData="EthereumJ powered"
    # user.conf: 345
    fullDataSet=true
    # user.conf: 361
    minBlockTimeoutMsec=0
    # user.conf: 358
    minGasPrice=1000000000
    # user.conf: 335
    start=false
    # user.conf: 365
    startNonce=null
}
# user.conf: 1-82
peer {
    # user.conf: 97
    active=[]
    # user.conf: 126
    capabilities=[
        # user.conf: 126
        eth
    ]
    # user.conf: 135
    channel {
        # user.conf: 135
        read {
            # user.conf: 135
            timeout=30
        }
    }
    # user.conf: 130
    connection {
        # user.conf: 130
        timeout=2
    }
    # user.conf: 1
    discovery {
        # user.conf: 57
        bind {
            # user.conf: 57
            ip=""
        }
        # user.conf: 8
        enabled=true
        # user.conf: 49
        external {
            # user.conf: 49
            ip=null
        }
        # user.conf: 13
        ip {
            # user.conf: 13
            list=[
                # user.conf: 15
                "5.1.83.226:30303",
                # user.conf: 18
                "52.16.188.185:30303",
                # user.conf: 19
                "13.93.211.84:30303",
                # user.conf: 20
                "191.235.84.50:30303",
                # user.conf: 21
                "13.75.154.138:30303",
                # user.conf: 22
                "52.74.57.123:30303",
                # user.conf: 25
                "193.70.55.37:30303",
                # user.conf: 26
                "144.217.139.5:30303",
                # user.conf: 27
                "139.99.51.203:30303",
                # user.conf: 28
                "139.99.160.213:30303",
                # user.conf: 29
                "163.172.131.191:30303",
                # user.conf: 30
                "212.47.247.103:30303",
                # user.conf: 31
                "163.172.157.114:30303",
                # user.conf: 32
                "138.201.223.35:30303",
                # user.conf: 33
                "138.201.144.135:30303",
                # user.conf: 34
                "51.15.42.252:30303",
                # user.conf: 35
                "163.172.171.38:30303",
                # user.conf: 36
                "163.172.187.252:30303",
                # user.conf: 37
                "136.243.154.244:30303",
                # user.conf: 38
                "88.212.206.70:30303",
                # user.conf: 39
                "37.128.191.230:30303",
                # user.conf: 40
                "46.20.235.22:30303",
                # user.conf: 41
                "216.158.85.185:30303",
                # user.conf: 42
                "52.79.241.155:30303",
                # user.conf: 43
                "52.78.149.82:30303"
            ]
        }
        # user.conf: 65
        persist=true
        # user.conf: 61
        public {
            # user.conf: 61
            home {
                # user.conf: 61
                node=true
            }
        }
        # user.conf: 74
        touchMaxNodes=100
        # user.conf: 70
        touchPeriod=600
        # user.conf: 79
        workers=8
    }
    # user.conf: 85
    listen {
        # user.conf: 85
        port=30303
    }
    # user.conf: 122
    maxActivePeers=30
    # user.conf: 88
    networkId=1
    # user.conf: 137
    p2p {
        # user.conf: 147
        eip8=true
        # user.conf: 143
        framing {
            # user.conf: 143
            maxSize=32768
        }
    }
    # user.conf: 108
    trusted=[]
}
# user.conf: 439
play {
    # user.conf: 439
    vm=true
}
# user.conf: 432-461
record {
    # user.conf: 461
    blocks=false
    # user.conf: 432
    internal {
        # user.conf: 432
        transactions {
            # user.conf: 432
            data=true
        }
    }
}
# user.conf: 455
root {
    # user.conf: 455
    hash {
        # user.conf: 455
        start=null
    }
}
# user.conf: 369
solc {
    # user.conf: 372
    path=null
}
# user.conf: 270
sync {
    # user.conf: 274
    enabled=true
    # user.conf: 325
    ethash=mixed
    # user.conf: 312
    exitOnBlockConflict=false
    # user.conf: 277
    fast {
        # user.conf: 290
        backupState=false
        # user.conf: 281
        enabled=false
        # user.conf: 294
        skipHistory=false
    }
    # user.conf: 318
    makeDoneByTimeout=-1
    # user.conf: 303
    peer {
        # user.conf: 303
        count=30
    }
}
# user.conf: 427
trace {
    # user.conf: 427
    startblock=-1
}
# user.conf: 384-388
transaction {
    # user.conf: 384
    approve {
        # user.conf: 384
        timeout=15
    }
    # user.conf: 388
    outdated {
        # user.conf: 388
        threshold=10
    }
}
# user.conf: 417
vm {
    # user.conf: 417
    structured {
        # user.conf: 420
        compressed=true
        # user.conf: 419
        dir=vmtrace
        # user.conf: 421
        initStorageLimit=10000
        # user.conf: 418
        trace=false
    }
}

17:11:29.388 INFO [c.i.i.n.NeighborRouterImpl]  starting neighbor router
17:11:29.391 INFO [c.i.i.n.i.TipsRequesterImpl]  Starting [Tips Requester] (starts in 0ms / runs every 5000ms) ...
17:11:29.392 INFO [c.i.i.n.i.TipsRequesterImpl]  [Tips Requester] Started (execution #1) ...
17:11:29.393 INFO [c.i.i.s.m.i.LatestMilestoneTrackerImpl]  Starting [Latest Milestone Tracker] (starts in 0ms / runs every 1000ms) ...
17:11:29.393 INFO [c.i.i.s.m.i.LatestMilestoneTrackerImpl]  [Latest Milestone Tracker] Started (execution #1) ...
17:11:29.393 INFO [c.i.i.s.m.i.LatestSolidMilestoneTrackerImpl]  Starting [Latest Solid Milestone Tracker] (starts in 0ms / runs every 5000ms) ...
17:11:29.394 INFO [c.i.i.s.m.i.SeenMilestonesRetrieverImpl]  Starting [Seen Milestones Retriever] (starts in 0ms / runs every 1000ms) ...
17:11:29.394 INFO [c.i.i.s.m.i.LatestSolidMilestoneTrackerImpl]  [Latest Solid Milestone Tracker] Started (execution #1) ...
17:11:29.394 INFO [c.i.i.n.i.TipsRequesterImpl]  toProcess = 0 , toBroadcast = 0 , toRequest = 0 , toReply = 0 / totalTransactions = 61
17:11:29.395 INFO [c.i.i.s.m.i.SeenMilestonesRetrieverImpl]  [Seen Milestones Retriever] Started (execution #1) ...
17:11:29.395 INFO [c.i.i.s.m.MilestoneSolidifier]  Starting [Milestone Solidifier] (starts in 0ms / runs every 500ms) ...
17:11:29.395 INFO [c.i.i.s.m.MilestoneSolidifier]  [Milestone Solidifier] Started (execution #1) ...
17:11:29.396 INFO [c.i.i.s.m.i.SeenMilestonesRetrieverImpl]  Requesting seen milestones ... [DONE]
17:11:29.396 INFO [c.i.i.s.m.i.SeenMilestonesRetrieverImpl]  Stopping [Seen Milestones Retriever] ...
17:11:29.396 INFO [c.i.i.n.NeighborRouterImpl]  bound server TCP socket to /0.0.0.0:15601
17:11:29.398 INFO [c.i.i.u.t.ThreadUtils]  Starting Thread: Local Snapshots Monitor ...
17:11:29.398 INFO [c.i.i.u.t.ThreadUtils]  Local Snapshots Monitor [STARTED]
17:11:29.399 INFO [c.i.i.n.NeighborRouterImpl]  establishing connections to 1 wanted neighbors [tcp://127.0.0.1:15600]
17:11:29.400 INFO [c.i.i.s.m.i.LatestSolidMilestoneTrackerImpl]  Latest SOLID milestone index changed from #0 to #25
17:11:29.400 INFO [c.i.i.s.m.i.LatestMilestoneTrackerImpl]  Latest milestone has changed from #0 to #25
17:11:29.403 INFO [c.i.i.s.m.i.LatestMilestoneTrackerImpl]  Processing milestone candidates (25 remaining) ...
17:11:29.407 DEBUG [c.i.i.s.r.r.RestEasy]  Binding JSON-REST API Undertow server on 0.0.0.0:14266
17:11:29.407 INFO [c.i.i.n.NeighborRouterImpl]  established connection to neighbor 127.0.0.1:15600, now performing handshake...
17:11:29.410 INFO [c.i.i.n.NeighborRouterImpl]  neighbor connection to 127.0.0.1:15600 is ready for messages [latency 1 ms, protocol version 1]
17:11:29.418 INFO [c.i.i.s.m.i.LatestMilestoneTrackerImpl]  Processing milestone candidates ... [DONE]
17:11:29.443 DEBUG [o.j.logging]  Logging Provider: org.jboss.logging.Slf4jLoggerProvider
17:11:29.444 DEBUG [i.undertow]  starting undertow server io.undertow.Undertow@5a411614
17:11:29.450 INFO [o.xnio]  XNIO version 3.3.8.Final
17:11:29.461 INFO [o.x.nio]  XNIO NIO Implementation Version 3.3.8.Final
17:11:29.519 DEBUG [o.x.nio]  Started channel thread 'XNIO-1 I/O-1', selector sun.nio.ch.EPollSelectorImpl@58b2f7ad
17:11:29.519 DEBUG [o.x.nio]  Started channel thread 'XNIO-1 I/O-2', selector sun.nio.ch.EPollSelectorImpl@4b4fe470
17:11:29.519 DEBUG [o.x.nio]  Started channel thread 'XNIO-1 I/O-3', selector sun.nio.ch.EPollSelectorImpl@4d098b92
17:11:29.519 DEBUG [o.x.nio]  Started channel thread 'XNIO-1 I/O-4', selector sun.nio.ch.EPollSelectorImpl@2b2d7f4e
17:11:29.519 DEBUG [o.x.nio]  Started channel thread 'XNIO-1 I/O-5', selector sun.nio.ch.EPollSelectorImpl@49aa56fd
17:11:29.519 DEBUG [o.x.nio]  Started channel thread 'XNIO-1 I/O-7', selector sun.nio.ch.EPollSelectorImpl@6be462c
17:11:29.519 DEBUG [o.x.nio]  Started channel thread 'XNIO-1 I/O-6', selector sun.nio.ch.EPollSelectorImpl@330f9f0
17:11:29.519 DEBUG [o.x.nio]  Started channel thread 'XNIO-1 I/O-8', selector sun.nio.ch.EPollSelectorImpl@4cd2cce0
17:11:29.519 DEBUG [o.x.nio]  Started channel thread 'XNIO-1 I/O-9', selector sun.nio.ch.EPollSelectorImpl@6aec8785
17:11:29.520 DEBUG [o.x.nio]  Started channel thread 'XNIO-1 I/O-10', selector sun.nio.ch.EPollSelectorImpl@2820caad
17:11:29.520 DEBUG [o.x.nio]  Started channel thread 'XNIO-1 I/O-11', selector sun.nio.ch.EPollSelectorImpl@550037ce
17:11:29.521 DEBUG [o.x.nio]  Started channel thread 'XNIO-1 I/O-12', selector sun.nio.ch.EPollSelectorImpl@7df7f227
17:11:29.521 DEBUG [o.x.nio]  Started channel thread 'XNIO-1 I/O-15', selector sun.nio.ch.EPollSelectorImpl@51c3ac48
17:11:29.521 DEBUG [o.x.nio]  Started channel thread 'XNIO-1 I/O-18', selector sun.nio.ch.EPollSelectorImpl@366e0237
17:11:29.521 DEBUG [o.x.nio]  Started channel thread 'XNIO-1 I/O-14', selector sun.nio.ch.EPollSelectorImpl@29ceb5ee
17:11:29.521 DEBUG [o.x.nio]  Started channel thread 'XNIO-1 I/O-13', selector sun.nio.ch.EPollSelectorImpl@708c3971
17:11:29.521 DEBUG [o.x.nio]  Started channel thread 'XNIO-1 I/O-16', selector sun.nio.ch.EPollSelectorImpl@70d6b609
17:11:29.521 DEBUG [o.x.nio]  Started channel thread 'XNIO-1 I/O-17', selector sun.nio.ch.EPollSelectorImpl@1b23aca7
17:11:29.521 DEBUG [o.x.nio]  Started channel thread 'XNIO-1 I/O-19', selector sun.nio.ch.EPollSelectorImpl@1d37372a
17:11:29.522 DEBUG [o.x.nio]  Started channel thread 'XNIO-1 I/O-20', selector sun.nio.ch.EPollSelectorImpl@7cc6fe7c
17:11:29.522 DEBUG [o.x.nio]  Started channel thread 'XNIO-1 I/O-21', selector sun.nio.ch.EPollSelectorImpl@baca5af
17:11:29.522 DEBUG [o.x.nio]  Started channel thread 'XNIO-1 I/O-22', selector sun.nio.ch.EPollSelectorImpl@114394b6
17:11:29.522 DEBUG [o.x.nio]  Started channel thread 'XNIO-1 I/O-24', selector sun.nio.ch.EPollSelectorImpl@68a017a3
17:11:29.522 DEBUG [o.x.nio]  Started channel thread 'XNIO-1 I/O-23', selector sun.nio.ch.EPollSelectorImpl@7272c68a
17:11:29.522 DEBUG [o.x.nio]  Started channel thread 'XNIO-1 I/O-25', selector sun.nio.ch.EPollSelectorImpl@54b25552
17:11:29.523 DEBUG [o.x.nio]  Started channel thread 'XNIO-1 I/O-27', selector sun.nio.ch.EPollSelectorImpl@25c07613
17:11:29.523 DEBUG [o.x.nio]  Started channel thread 'XNIO-1 I/O-26', selector sun.nio.ch.EPollSelectorImpl@1a858ff4
17:11:29.523 DEBUG [o.x.nio]  Started channel thread 'XNIO-1 I/O-29', selector sun.nio.ch.EPollSelectorImpl@6cd17fca
17:11:29.523 DEBUG [o.x.nio]  Started channel thread 'XNIO-1 I/O-30', selector sun.nio.ch.EPollSelectorImpl@75aaf66a
17:11:29.523 DEBUG [o.x.nio]  Started channel thread 'XNIO-1 I/O-28', selector sun.nio.ch.EPollSelectorImpl@25a9004
17:11:29.523 DEBUG [o.x.nio]  Started channel thread 'XNIO-1 Accept', selector sun.nio.ch.EPollSelectorImpl@5ab9aa45
17:11:29.525 DEBUG [i.undertow]  Configuring listener with protocol HTTP for interface 0.0.0.0 and port 14266
17:11:29.588 DEBUG [i.u.session]  Setting default session timeout to 1800
17:11:29.592 DEBUG [i.u.session]  Registered session listener io.undertow.servlet.core.SessionListenerBridge@5be067de
17:11:29.670 DEBUG [o.j.r.r.i18n]  Provider : org.jboss.resteasy.plugins.providers.DocumentProvider,  Method : DocumentProvider
17:11:29.674 DEBUG [o.j.r.r.i18n]  Provider : org.jboss.resteasy.plugins.providers.DocumentProvider,  Method : DocumentProvider
17:11:29.690 INFO [o.j.r.r.i18n]  RESTEASY002225: Deploying javax.ws.rs.core.Application: class com.iota.iri.service.restserver.resteasy.RestEasy
17:11:29.693 INFO [c.i.i.IRI$IRILauncher]  IOTA Node initialised correctly.
17:11:39.396 INFO [c.i.i.n.i.TipsRequesterImpl]  toProcess = 0 , toBroadcast = 0 , toRequest = 0 , toReply = 0 / totalTransactions = 61
17:11:49.397 INFO [c.i.i.n.i.TipsRequesterImpl]  toProcess = 0 , toBroadcast = 0 , toRequest = 0 , toReply = 0 / totalTransactions = 62
17:11:59.398 INFO [c.i.i.n.i.TipsRequesterImpl]  toProcess = 0 , toBroadcast = 0 , toRequest = 0 , toReply = 0 / totalTransactions = 62
17:12:04.815 INFO [c.i.i.c.b.BatchedBCTCurl]  batching saturation ratio 2.0% (processed 4 / max possible 192), cycles 3, avg. cycle time 11810.0ms
17:12:05.483 ERROR [c.i.i.s.m.i.LatestMilestoneTrackerImpl]  error while analyzing the milestone candidates
com.iota.iri.service.milestone.MilestoneException: unexpected error while analyzing the transaction BCIVRMTFXAMUUQFJCABSBNWYEIPMJXSNUWBKLJPKBUYRCEIXGTVKNAIJKLGSHINJASRVRLNUCXIJLB999
	at com.iota.iri.service.milestone.impl.LatestMilestoneTrackerImpl.processMilestoneCandidate(LatestMilestoneTrackerImpl.java:218)
	at com.iota.iri.service.milestone.impl.LatestMilestoneTrackerImpl.analyzeMilestoneCandidates(LatestMilestoneTrackerImpl.java:344)
	at com.iota.iri.service.milestone.impl.LatestMilestoneTrackerImpl.latestMilestoneTrackerThread(LatestMilestoneTrackerImpl.java:270)
	at com.iota.iri.utils.thread.BoundedScheduledExecutorService.lambda$wrapTask$6(BoundedScheduledExecutorService.java:585)
	at java.util.concurrent.Executors$RunnableAdapter.call(Executors.java:511)
	at java.util.concurrent.FutureTask.runAndReset(FutureTask.java:308)
	at java.util.concurrent.ScheduledThreadPoolExecutor$ScheduledFutureTask.access$301(ScheduledThreadPoolExecutor.java:180)
	at java.util.concurrent.ScheduledThreadPoolExecutor$ScheduledFutureTask.run(ScheduledThreadPoolExecutor.java:294)
	at java.util.concurrent.ThreadPoolExecutor.runWorker(ThreadPoolExecutor.java:1149)
	at java.util.concurrent.ThreadPoolExecutor$Worker.run(ThreadPoolExecutor.java:624)
	at java.lang.Thread.run(Thread.java:748)
Caused by: com.iota.iri.service.milestone.MilestoneException: error while checking milestone status of transaction BCIVRMTFXAMUUQFJCABSBNWYEIPMJXSNUWBKLJPKBUYRCEIXGTVKNAIJKLGSHINJASRVRLNUCXIJLB999
	at com.iota.iri.service.milestone.impl.MilestoneServiceImpl.validateMilestone(MilestoneServiceImpl.java:239)
	at com.iota.iri.service.milestone.impl.LatestMilestoneTrackerImpl.processMilestoneCandidate(LatestMilestoneTrackerImpl.java:191)
	... 10 common frames omitted
Caused by: java.lang.IndexOutOfBoundsException: Index: 2, Size: 2
	at java.util.LinkedList.checkElementIndex(LinkedList.java:555)
	at java.util.LinkedList.get(LinkedList.java:476)
	at com.iota.iri.service.milestone.impl.MilestoneServiceImpl.isMilestoneBundleStructureValid(MilestoneServiceImpl.java:517)
	at com.iota.iri.service.milestone.impl.MilestoneServiceImpl.validateMilestone(MilestoneServiceImpl.java:186)
	... 11 common frames omitted
17:12:09.399 INFO [c.i.i.n.i.TipsRequesterImpl]  toProcess = 0 , toBroadcast = 0 , toRequest = 0 , toReply = 0 / totalTransactions = 64
17:12:13.031 WARN [c.i.i.n.NeighborRouterImpl]  unable to read message from neighbor 127.0.0.1:15600. reason: Connection reset by peer
17:12:13.032 INFO [c.i.i.n.NeighborRouterImpl]  removed neighbor 127.0.0.1:15600 from connected neighbors
17:12:13.032 INFO [c.i.i.n.NeighborRouterImpl]  adding tcp://127.0.0.1:15600 to the reconnect pool
17:12:19.400 INFO [c.i.i.n.i.TipsRequesterImpl]  toProcess = 0 , toBroadcast = 0 , toRequest = 0 , toReply = 0 / totalTransactions = 64
17:12:29.401 INFO [c.i.i.n.i.TipsRequesterImpl]  toProcess = 0 , toBroadcast = 0 , toRequest = 0 , toReply = 0 / totalTransactions = 64
17:12:44.402 INFO [c.i.i.n.i.TipsRequesterImpl]  toProcess = 0 , toBroadcast = 0 , toRequest = 0 , toReply = 0 / totalTransactions = 64
17:12:59.403 INFO [c.i.i.n.i.TipsRequesterImpl]  toProcess = 0 , toBroadcast = 0 , toRequest = 0 , toReply = 0 / totalTransactions = 64
17:13:09.404 INFO [c.i.i.n.i.TipsRequesterImpl]  toProcess = 0 , toBroadcast = 0 , toRequest = 0 , toReply = 0 / totalTransactions = 64
17:13:13.092 INFO [c.i.i.n.NeighborRouterImpl]  establishing connections to 1 wanted neighbors [tcp://127.0.0.1:15600]
17:13:13.093 INFO [c.i.i.n.NeighborRouterImpl]  couldn't establish connection to neighbor 127.0.0.1:15600, will attempt to reconnect later. reason: Connection refused
17:13:24.405 INFO [c.i.i.n.i.TipsRequesterImpl]  toProcess = 0 , toBroadcast = 0 , toRequest = 0 , toReply = 0 / totalTransactions = 64
17:13:34.406 INFO [c.i.i.n.i.TipsRequesterImpl]  toProcess = 0 , toBroadcast = 0 , toRequest = 0 , toReply = 0 / totalTransactions = 64
17:13:49.407 INFO [c.i.i.n.i.TipsRequesterImpl]  toProcess = 0 , toBroadcast = 0 , toRequest = 0 , toReply = 0 / totalTransactions = 64
17:14:04.408 INFO [c.i.i.n.i.TipsRequesterImpl]  toProcess = 0 , toBroadcast = 0 , toRequest = 0 , toReply = 0 / totalTransactions = 64
17:14:13.101 INFO [c.i.i.n.NeighborRouterImpl]  establishing connections to 1 wanted neighbors [tcp://127.0.0.1:15600]
17:14:13.102 INFO [c.i.i.n.NeighborRouterImpl]  couldn't establish connection to neighbor 127.0.0.1:15600, will attempt to reconnect later. reason: Connection refused
17:14:19.409 INFO [c.i.i.n.i.TipsRequesterImpl]  toProcess = 0 , toBroadcast = 0 , toRequest = 0 , toReply = 0 / totalTransactions = 64
17:14:34.409 INFO [c.i.i.n.i.TipsRequesterImpl]  toProcess = 0 , toBroadcast = 0 , toRequest = 0 , toReply = 0 / totalTransactions = 64
17:14:44.410 INFO [c.i.i.n.i.TipsRequesterImpl]  toProcess = 0 , toBroadcast = 0 , toRequest = 0 , toReply = 0 / totalTransactions = 64
17:14:54.411 INFO [c.i.i.n.i.TipsRequesterImpl]  toProcess = 0 , toBroadcast = 0 , toRequest = 0 , toReply = 0 / totalTransactions = 64
17:15:04.412 INFO [c.i.i.n.i.TipsRequesterImpl]  toProcess = 0 , toBroadcast = 0 , toRequest = 0 , toReply = 0 / totalTransactions = 64
17:15:13.113 INFO [c.i.i.n.NeighborRouterImpl]  establishing connections to 1 wanted neighbors [tcp://127.0.0.1:15600]
17:15:13.114 INFO [c.i.i.n.NeighborRouterImpl]  couldn't establish connection to neighbor 127.0.0.1:15600, will attempt to reconnect later. reason: Connection refused
17:15:14.413 INFO [c.i.i.n.i.TipsRequesterImpl]  toProcess = 0 , toBroadcast = 0 , toRequest = 0 , toReply = 0 / totalTransactions = 64
17:15:29.414 INFO [c.i.i.n.i.TipsRequesterImpl]  toProcess = 0 , toBroadcast = 0 , toRequest = 0 , toReply = 0 / totalTransactions = 64
17:15:44.415 INFO [c.i.i.n.i.TipsRequesterImpl]  toProcess = 0 , toBroadcast = 0 , toRequest = 0 , toReply = 0 / totalTransactions = 64
17:15:59.416 INFO [c.i.i.n.i.TipsRequesterImpl]  toProcess = 0 , toBroadcast = 0 , toRequest = 0 , toReply = 0 / totalTransactions = 64
17:16:13.175 INFO [c.i.i.n.NeighborRouterImpl]  establishing connections to 1 wanted neighbors [tcp://127.0.0.1:15600]
17:16:13.175 INFO [c.i.i.n.NeighborRouterImpl]  couldn't establish connection to neighbor 127.0.0.1:15600, will attempt to reconnect later. reason: Connection refused
17:16:14.417 INFO [c.i.i.n.i.TipsRequesterImpl]  toProcess = 0 , toBroadcast = 0 , toRequest = 0 , toReply = 0 / totalTransactions = 64
17:16:29.418 INFO [c.i.i.n.i.TipsRequesterImpl]  toProcess = 0 , toBroadcast = 0 , toRequest = 0 , toReply = 0 / totalTransactions = 64
17:16:44.419 INFO [c.i.i.n.i.TipsRequesterImpl]  toProcess = 0 , toBroadcast = 0 , toRequest = 0 , toReply = 0 / totalTransactions = 64
17:16:59.420 INFO [c.i.i.n.i.TipsRequesterImpl]  toProcess = 0 , toBroadcast = 0 , toRequest = 0 , toReply = 0 / totalTransactions = 64
17:17:09.420 INFO [c.i.i.n.i.TipsRequesterImpl]  toProcess = 0 , toBroadcast = 0 , toRequest = 0 , toReply = 0 / totalTransactions = 64
17:17:13.230 INFO [c.i.i.n.NeighborRouterImpl]  establishing connections to 1 wanted neighbors [tcp://127.0.0.1:15600]
17:17:13.230 INFO [c.i.i.n.NeighborRouterImpl]  couldn't establish connection to neighbor 127.0.0.1:15600, will attempt to reconnect later. reason: Connection refused
17:17:19.421 INFO [c.i.i.n.i.TipsRequesterImpl]  toProcess = 0 , toBroadcast = 0 , toRequest = 0 , toReply = 0 / totalTransactions = 64
17:17:29.422 INFO [c.i.i.n.i.TipsRequesterImpl]  toProcess = 0 , toBroadcast = 0 , toRequest = 0 , toReply = 0 / totalTransactions = 64
17:17:39.423 INFO [c.i.i.n.i.TipsRequesterImpl]  toProcess = 0 , toBroadcast = 0 , toRequest = 0 , toReply = 0 / totalTransactions = 64
17:17:49.424 INFO [c.i.i.n.i.TipsRequesterImpl]  toProcess = 0 , toBroadcast = 0 , toRequest = 0 , toReply = 0 / totalTransactions = 64
17:18:04.425 INFO [c.i.i.n.i.TipsRequesterImpl]  toProcess = 0 , toBroadcast = 0 , toRequest = 0 , toReply = 0 / totalTransactions = 64
17:18:13.261 INFO [c.i.i.n.NeighborRouterImpl]  establishing connections to 1 wanted neighbors [tcp://127.0.0.1:15600]
17:18:13.262 INFO [c.i.i.n.NeighborRouterImpl]  couldn't establish connection to neighbor 127.0.0.1:15600, will attempt to reconnect later. reason: Connection refused
17:18:19.426 INFO [c.i.i.n.i.TipsRequesterImpl]  toProcess = 0 , toBroadcast = 0 , toRequest = 0 , toReply = 0 / totalTransactions = 64
17:18:29.427 INFO [c.i.i.n.i.TipsRequesterImpl]  toProcess = 0 , toBroadcast = 0 , toRequest = 0 , toReply = 0 / totalTransactions = 64
17:18:44.428 INFO [c.i.i.n.i.TipsRequesterImpl]  toProcess = 0 , toBroadcast = 0 , toRequest = 0 , toReply = 0 / totalTransactions = 64
17:18:59.429 INFO [c.i.i.n.i.TipsRequesterImpl]  toProcess = 0 , toBroadcast = 0 , toRequest = 0 , toReply = 0 / totalTransactions = 64
17:19:13.302 INFO [c.i.i.n.NeighborRouterImpl]  establishing connections to 1 wanted neighbors [tcp://127.0.0.1:15600]
17:19:13.303 INFO [c.i.i.n.NeighborRouterImpl]  couldn't establish connection to neighbor 127.0.0.1:15600, will attempt to reconnect later. reason: Connection refused
17:19:14.430 INFO [c.i.i.n.i.TipsRequesterImpl]  toProcess = 0 , toBroadcast = 0 , toRequest = 0 , toReply = 0 / totalTransactions = 64
17:19:24.430 INFO [c.i.i.n.i.TipsRequesterImpl]  toProcess = 0 , toBroadcast = 0 , toRequest = 0 , toReply = 0 / totalTransactions = 64
17:19:34.431 INFO [c.i.i.n.i.TipsRequesterImpl]  toProcess = 0 , toBroadcast = 0 , toRequest = 0 , toReply = 0 / totalTransactions = 64
17:19:44.432 INFO [c.i.i.n.i.TipsRequesterImpl]  toProcess = 0 , toBroadcast = 0 , toRequest = 0 , toReply = 0 / totalTransactions = 64
17:19:59.433 INFO [c.i.i.n.i.TipsRequesterImpl]  toProcess = 0 , toBroadcast = 0 , toRequest = 0 , toReply = 0 / totalTransactions = 64
17:20:13.328 INFO [c.i.i.n.NeighborRouterImpl]  establishing connections to 1 wanted neighbors [tcp://127.0.0.1:15600]
17:20:13.329 INFO [c.i.i.n.NeighborRouterImpl]  couldn't establish connection to neighbor 127.0.0.1:15600, will attempt to reconnect later. reason: Connection refused
17:20:14.433 INFO [c.i.i.n.i.TipsRequesterImpl]  toProcess = 0 , toBroadcast = 0 , toRequest = 0 , toReply = 0 / totalTransactions = 64
17:20:24.434 INFO [c.i.i.n.i.TipsRequesterImpl]  toProcess = 0 , toBroadcast = 0 , toRequest = 0 , toReply = 0 / totalTransactions = 64
17:20:34.435 INFO [c.i.i.n.i.TipsRequesterImpl]  toProcess = 0 , toBroadcast = 0 , toRequest = 0 , toReply = 0 / totalTransactions = 64
17:20:44.436 INFO [c.i.i.n.i.TipsRequesterImpl]  toProcess = 0 , toBroadcast = 0 , toRequest = 0 , toReply = 0 / totalTransactions = 64
17:20:59.437 INFO [c.i.i.n.i.TipsRequesterImpl]  toProcess = 0 , toBroadcast = 0 , toRequest = 0 , toReply = 0 / totalTransactions = 64
17:21:13.389 INFO [c.i.i.n.NeighborRouterImpl]  establishing connections to 1 wanted neighbors [tcp://127.0.0.1:15600]
17:21:13.389 INFO [c.i.i.n.NeighborRouterImpl]  couldn't establish connection to neighbor 127.0.0.1:15600, will attempt to reconnect later. reason: Connection refused
17:21:14.437 INFO [c.i.i.n.i.TipsRequesterImpl]  toProcess = 0 , toBroadcast = 0 , toRequest = 0 , toReply = 0 / totalTransactions = 64
17:21:24.438 INFO [c.i.i.n.i.TipsRequesterImpl]  toProcess = 0 , toBroadcast = 0 , toRequest = 0 , toReply = 0 / totalTransactions = 64
17:21:34.439 INFO [c.i.i.n.i.TipsRequesterImpl]  toProcess = 0 , toBroadcast = 0 , toRequest = 0 , toReply = 0 / totalTransactions = 64
17:21:49.440 INFO [c.i.i.n.i.TipsRequesterImpl]  toProcess = 0 , toBroadcast = 0 , toRequest = 0 , toReply = 0 / totalTransactions = 64
17:22:04.441 INFO [c.i.i.n.i.TipsRequesterImpl]  toProcess = 0 , toBroadcast = 0 , toRequest = 0 , toReply = 0 / totalTransactions = 64
17:22:13.449 INFO [c.i.i.n.NeighborRouterImpl]  establishing connections to 1 wanted neighbors [tcp://127.0.0.1:15600]
17:22:13.450 INFO [c.i.i.n.NeighborRouterImpl]  couldn't establish connection to neighbor 127.0.0.1:15600, will attempt to reconnect later. reason: Connection refused
17:22:19.442 INFO [c.i.i.n.i.TipsRequesterImpl]  toProcess = 0 , toBroadcast = 0 , toRequest = 0 , toReply = 0 / totalTransactions = 64
17:22:29.442 INFO [c.i.i.n.i.TipsRequesterImpl]  toProcess = 0 , toBroadcast = 0 , toRequest = 0 , toReply = 0 / totalTransactions = 64
17:22:39.443 INFO [c.i.i.n.i.TipsRequesterImpl]  toProcess = 0 , toBroadcast = 0 , toRequest = 0 , toReply = 0 / totalTransactions = 64
17:22:43.348 INFO [c.i.i.IRI$IRILauncher]  Shutting down IOTA node, please hold tight...
